[0.093s] DEBUG:colcon:Command line arguments: ['/opt/miniconda/envs/piper_SEMnew/bin/colcon', 'build', '--cmake-args', '-DCMAKE_BUILD_TYPE=Release', '--merge-install', '--symlink-install']
[0.093s] DEBUG:colcon:Parsed command line arguments: Namespace(log_base=None, log_level=None, verb_name='build', build_base='build', install_base='install', merge_install=True, symlink_install=True, test_result_base=None, continue_on_error=False, executor='parallel', parallel_workers=32, event_handlers=None, ignore_user_meta=False, metas=['./colcon.meta'], base_paths=['.'], packages_ignore=None, packages_ignore_regex=None, paths=None, packages_up_to=None, packages_up_to_regex=None, packages_above=None, packages_above_and_dependencies=None, packages_above_depth=None, packages_select_by_dep=None, packages_skip_by_dep=None, packages_skip_up_to=None, packages_select_build_failed=False, packages_skip_build_finished=False, packages_select_test_failures=False, packages_skip_test_passed=False, packages_select=None, packages_skip=None, packages_select_regex=None, packages_skip_regex=None, packages_start=None, packages_end=None, allow_overriding=[], cmake_args=['-DCMAKE_BUILD_TYPE=Release'], cmake_target=None, cmake_target_skip_unavailable=False, cmake_clean_cache=False, cmake_clean_first=False, cmake_force_configure=False, ament_cmake_args=None, catkin_cmake_args=None, catkin_skip_building_tests=False, mixin_files=None, mixin=None, verb_parser=<colcon_mixin.mixin.mixin_argument.MixinArgumentDecorator object at 0x7f4bfb35f5e0>, verb_extension=<colcon_core.verb.build.BuildVerb object at 0x7f4bfb35f070>, main=<bound method BuildVerb.main of <colcon_core.verb.build.BuildVerb object at 0x7f4bfb35f070>>, mixin_verb=('build',))
[0.112s] Level 1:colcon.colcon_core.package_discovery:discover_packages(colcon_meta) check parameters
[0.112s] Level 1:colcon.colcon_core.package_discovery:discover_packages(recursive) check parameters
[0.112s] Level 1:colcon.colcon_core.package_discovery:discover_packages(ignore) check parameters
[0.112s] Level 1:colcon.colcon_core.package_discovery:discover_packages(path) check parameters
[0.112s] Level 1:colcon.colcon_core.package_discovery:discover_packages(colcon_meta) discover
[0.113s] Level 1:colcon.colcon_core.package_discovery:discover_packages(recursive) discover
[0.113s] INFO:colcon.colcon_core.package_discovery:Crawling recursively for packages in '/root/ros2_ws/robo_orchard_data_recorder/ros2_package'
[0.113s] Level 1:colcon.colcon_core.package_identification:_identify(.) by extensions ['ignore', 'ignore_ament_install']
[0.113s] Level 1:colcon.colcon_core.package_identification:_identify(.) by extension 'ignore'
[0.113s] Level 1:colcon.colcon_core.package_identification:_identify(.) by extension 'ignore_ament_install'
[0.113s] Level 1:colcon.colcon_core.package_identification:_identify(.) by extensions ['colcon_pkg']
[0.113s] Level 1:colcon.colcon_core.package_identification:_identify(.) by extension 'colcon_pkg'
[0.113s] Level 1:colcon.colcon_core.package_identification:_identify(.) by extensions ['colcon_meta']
[0.113s] Level 1:colcon.colcon_core.package_identification:_identify(.) by extension 'colcon_meta'
[0.113s] Level 1:colcon.colcon_core.package_identification:_identify(.) by extensions ['ros']
[0.113s] Level 1:colcon.colcon_core.package_identification:_identify(.) by extension 'ros'
[0.125s] Level 1:colcon.colcon_core.package_identification:_identify(.) by extensions ['cmake', 'python']
[0.126s] Level 1:colcon.colcon_core.package_identification:_identify(.) by extension 'cmake'
[0.126s] Level 1:colcon.colcon_core.package_identification:_identify(.) by extension 'python'
[0.126s] Level 1:colcon.colcon_core.package_identification:_identify(.) by extensions ['python_setup_py']
[0.126s] Level 1:colcon.colcon_core.package_identification:_identify(.) by extension 'python_setup_py'
[0.126s] Level 1:colcon.colcon_core.package_identification:_identify(build) by extensions ['ignore', 'ignore_ament_install']
[0.126s] Level 1:colcon.colcon_core.package_identification:_identify(build) by extension 'ignore'
[0.126s] Level 1:colcon.colcon_core.package_identification:_identify(build) ignored
[0.126s] Level 1:colcon.colcon_core.package_identification:_identify(install) by extensions ['ignore', 'ignore_ament_install']
[0.126s] Level 1:colcon.colcon_core.package_identification:_identify(install) by extension 'ignore'
[0.126s] Level 1:colcon.colcon_core.package_identification:_identify(install) ignored
[0.126s] Level 1:colcon.colcon_core.package_identification:_identify(log) by extensions ['ignore', 'ignore_ament_install']
[0.126s] Level 1:colcon.colcon_core.package_identification:_identify(log) by extension 'ignore'
[0.126s] Level 1:colcon.colcon_core.package_identification:_identify(log) ignored
[0.126s] Level 1:colcon.colcon_core.package_identification:_identify(robo_orchard_data_ros2) by extensions ['ignore', 'ignore_ament_install']
[0.126s] Level 1:colcon.colcon_core.package_identification:_identify(robo_orchard_data_ros2) by extension 'ignore'
[0.126s] Level 1:colcon.colcon_core.package_identification:_identify(robo_orchard_data_ros2) by extension 'ignore_ament_install'
[0.126s] Level 1:colcon.colcon_core.package_identification:_identify(robo_orchard_data_ros2) by extensions ['colcon_pkg']
[0.126s] Level 1:colcon.colcon_core.package_identification:_identify(robo_orchard_data_ros2) by extension 'colcon_pkg'
[0.126s] Level 1:colcon.colcon_core.package_identification:_identify(robo_orchard_data_ros2) by extensions ['colcon_meta']
[0.126s] Level 1:colcon.colcon_core.package_identification:_identify(robo_orchard_data_ros2) by extension 'colcon_meta'
[0.126s] Level 1:colcon.colcon_core.package_identification:_identify(robo_orchard_data_ros2) by extensions ['ros']
[0.126s] Level 1:colcon.colcon_core.package_identification:_identify(robo_orchard_data_ros2) by extension 'ros'
[0.127s] DEBUG:colcon.colcon_core.package_identification:Package 'robo_orchard_data_ros2' with type 'ros.ament_python' and name 'robo_orchard_data_ros2'
[0.127s] Level 1:colcon.colcon_core.package_discovery:discover_packages(recursive) using defaults
[0.127s] Level 1:colcon.colcon_core.package_discovery:discover_packages(ignore) discover
[0.127s] Level 1:colcon.colcon_core.package_discovery:discover_packages(ignore) using defaults
[0.127s] Level 1:colcon.colcon_core.package_discovery:discover_packages(path) discover
[0.127s] Level 1:colcon.colcon_core.package_discovery:discover_packages(path) using defaults
[0.134s] Level 1:colcon.colcon_core.package_discovery:discover_packages(prefix_path) check parameters
[0.134s] Level 1:colcon.colcon_core.package_discovery:discover_packages(prefix_path) discover
[0.135s] WARNING:colcon.colcon_core.prefix_path.colcon:The path '/root/ros2_ws/robo_orchard_data_recorder/install' in the environment variable COLCON_PREFIX_PATH doesn't exist
[0.135s] WARNING:colcon.colcon_ros.prefix_path.ament:The path '/root/ros2_ws/robo_orchard_data_recorder/install/robo_orchard_data_ros2' in the environment variable AMENT_PREFIX_PATH doesn't exist
[0.135s] WARNING:colcon.colcon_ros.prefix_path.ament:The path '/root/ros2_ws/robo_orchard_data_recorder/ros2_package/install' in the environment variable AMENT_PREFIX_PATH doesn't contain any 'local_setup.*' files.
[0.135s] DEBUG:colcon.colcon_installed_package_information.package_discovery:Found 0 installed packages in /root/ros2_ws/robo_orchard_data_recorder/ros2_package/install
[0.136s] DEBUG:colcon.colcon_installed_package_information.package_discovery:Found 339 installed packages in /opt/ros/humble
[0.137s] Level 1:colcon.colcon_core.package_discovery:discover_packages(prefix_path) using defaults
[0.168s] Level 5:colcon.colcon_core.verb:set package 'robo_orchard_data_ros2' build argument 'cmake_args' from command line to '['-DCMAKE_BUILD_TYPE=Release']'
[0.168s] Level 5:colcon.colcon_core.verb:set package 'robo_orchard_data_ros2' build argument 'cmake_target' from command line to 'None'
[0.168s] Level 5:colcon.colcon_core.verb:set package 'robo_orchard_data_ros2' build argument 'cmake_target_skip_unavailable' from command line to 'False'
[0.168s] Level 5:colcon.colcon_core.verb:set package 'robo_orchard_data_ros2' build argument 'cmake_clean_cache' from command line to 'False'
[0.168s] Level 5:colcon.colcon_core.verb:set package 'robo_orchard_data_ros2' build argument 'cmake_clean_first' from command line to 'False'
[0.168s] Level 5:colcon.colcon_core.verb:set package 'robo_orchard_data_ros2' build argument 'cmake_force_configure' from command line to 'False'
[0.168s] Level 5:colcon.colcon_core.verb:set package 'robo_orchard_data_ros2' build argument 'ament_cmake_args' from command line to 'None'
[0.168s] Level 5:colcon.colcon_core.verb:set package 'robo_orchard_data_ros2' build argument 'catkin_cmake_args' from command line to 'None'
[0.168s] Level 5:colcon.colcon_core.verb:set package 'robo_orchard_data_ros2' build argument 'catkin_skip_building_tests' from command line to 'False'
[0.168s] DEBUG:colcon.colcon_core.verb:Building package 'robo_orchard_data_ros2' with the following arguments: {'ament_cmake_args': None, 'build_base': '/root/ros2_ws/robo_orchard_data_recorder/ros2_package/build/robo_orchard_data_ros2', 'catkin_cmake_args': None, 'catkin_skip_building_tests': False, 'cmake_args': ['-DCMAKE_BUILD_TYPE=Release'], 'cmake_clean_cache': False, 'cmake_clean_first': False, 'cmake_force_configure': False, 'cmake_target': None, 'cmake_target_skip_unavailable': False, 'install_base': '/root/ros2_ws/robo_orchard_data_recorder/ros2_package/install', 'merge_install': True, 'path': '/root/ros2_ws/robo_orchard_data_recorder/ros2_package/robo_orchard_data_ros2', 'symlink_install': True, 'test_result_base': None}
[0.168s] INFO:colcon.colcon_core.executor:Executing jobs using 'parallel' executor
[0.168s] DEBUG:colcon.colcon_parallel_executor.executor.parallel:run_until_complete
[0.169s] INFO:colcon.colcon_ros.task.ament_python.build:Building ROS package in '/root/ros2_ws/robo_orchard_data_recorder/ros2_package/robo_orchard_data_ros2' with build type 'ament_python'
[0.169s] Level 1:colcon.colcon_core.shell:create_environment_hook('robo_orchard_data_ros2', 'ament_prefix_path')
[0.170s] INFO:colcon.colcon_core.plugin_system:Skipping extension 'colcon_core.shell.bat': Not used on non-Windows systems
[0.170s] INFO:colcon.colcon_core.shell:Creating environment hook '/root/ros2_ws/robo_orchard_data_recorder/ros2_package/install/share/robo_orchard_data_ros2/hook/ament_prefix_path.ps1'
[0.170s] INFO:colcon.colcon_core.shell:Creating environment descriptor '/root/ros2_ws/robo_orchard_data_recorder/ros2_package/install/share/robo_orchard_data_ros2/hook/ament_prefix_path.dsv'
[0.170s] INFO:colcon.colcon_core.shell:Creating environment hook '/root/ros2_ws/robo_orchard_data_recorder/ros2_package/install/share/robo_orchard_data_ros2/hook/ament_prefix_path.sh'
[0.171s] INFO:colcon.colcon_core.shell:Skip shell extension 'powershell' for command environment: Not usable outside of PowerShell
[0.171s] DEBUG:colcon.colcon_core.shell:Skip shell extension 'dsv' for command environment
[0.357s] WARNING:colcon.colcon_ros.task.ament_python.build:Package 'robo_orchard_data_ros2' doesn't explicitly install a marker in the package index (colcon-ros currently does it implicitly but that fallback will be removed in the future)
[0.357s] INFO:colcon.colcon_core.task.python.build:Building Python package in '/root/ros2_ws/robo_orchard_data_recorder/ros2_package/robo_orchard_data_ros2'
[0.357s] INFO:colcon.colcon_core.shell:Skip shell extension 'powershell' for command environment: Not usable outside of PowerShell
[0.357s] DEBUG:colcon.colcon_core.shell:Skip shell extension 'dsv' for command environment
[0.669s] DEBUG:colcon.colcon_core.event_handler.log_command:Invoking command in '/root/ros2_ws/robo_orchard_data_recorder/ros2_package/build/robo_orchard_data_ros2': CONDA_PROMPT_MODIFIER=(piper_SEMnew) PYTHONPATH=/root/ros2_ws/robo_orchard_data_recorder/ros2_package/build/robo_orchard_data_ros2/prefix_override:/opt/miniconda/envs/piper_SEMnew/lib/python3.10/site-packages/colcon_core/task/python/colcon_distutils_commands:/root/ros2_ws/robo_orchard_data_recorder/ros2_package/install/lib/python3.10/site-packages:${PYTHONPATH} /opt/miniconda/envs/piper_SEMnew/bin/python3.10 -W ignore:setup.py install is deprecated setup.py develop --editable --build-directory /root/ros2_ws/robo_orchard_data_recorder/ros2_package/build/robo_orchard_data_ros2/build --no-deps symlink_data
[1.095s] Level 1:colcon.colcon_core.shell:create_environment_hook('robo_orchard_data_ros2', 'pythonpath_develop')
[1.096s] INFO:colcon.colcon_core.shell:Creating environment hook '/root/ros2_ws/robo_orchard_data_recorder/ros2_package/build/robo_orchard_data_ros2/share/robo_orchard_data_ros2/hook/pythonpath_develop.ps1'
[1.096s] DEBUG:colcon.colcon_core.event_handler.log_command:Invoked command in '/root/ros2_ws/robo_orchard_data_recorder/ros2_package/build/robo_orchard_data_ros2' returned '0': CONDA_PROMPT_MODIFIER=(piper_SEMnew) PYTHONPATH=/root/ros2_ws/robo_orchard_data_recorder/ros2_package/build/robo_orchard_data_ros2/prefix_override:/opt/miniconda/envs/piper_SEMnew/lib/python3.10/site-packages/colcon_core/task/python/colcon_distutils_commands:/root/ros2_ws/robo_orchard_data_recorder/ros2_package/install/lib/python3.10/site-packages:${PYTHONPATH} /opt/miniconda/envs/piper_SEMnew/bin/python3.10 -W ignore:setup.py install is deprecated setup.py develop --editable --build-directory /root/ros2_ws/robo_orchard_data_recorder/ros2_package/build/robo_orchard_data_ros2/build --no-deps symlink_data
[1.097s] INFO:colcon.colcon_core.shell:Creating environment descriptor '/root/ros2_ws/robo_orchard_data_recorder/ros2_package/build/robo_orchard_data_ros2/share/robo_orchard_data_ros2/hook/pythonpath_develop.dsv'
[1.097s] INFO:colcon.colcon_core.shell:Creating environment hook '/root/ros2_ws/robo_orchard_data_recorder/ros2_package/build/robo_orchard_data_ros2/share/robo_orchard_data_ros2/hook/pythonpath_develop.sh'
[1.099s] Level 1:colcon.colcon_core.environment:checking '/root/ros2_ws/robo_orchard_data_recorder/ros2_package/install' for CMake module files
[1.100s] Level 1:colcon.colcon_core.environment:checking '/root/ros2_ws/robo_orchard_data_recorder/ros2_package/install' for CMake config files
[1.100s] Level 1:colcon.colcon_core.environment:checking '/root/ros2_ws/robo_orchard_data_recorder/ros2_package/install/lib'
[1.101s] Level 1:colcon.colcon_core.environment:checking '/root/ros2_ws/robo_orchard_data_recorder/ros2_package/install/bin'
[1.101s] Level 1:colcon.colcon_core.environment:checking '/root/ros2_ws/robo_orchard_data_recorder/ros2_package/install/lib/pkgconfig/robo_orchard_data_ros2.pc'
[1.101s] Level 1:colcon.colcon_core.environment:checking '/root/ros2_ws/robo_orchard_data_recorder/ros2_package/install/lib/python3.10/site-packages'
[1.101s] Level 1:colcon.colcon_core.shell:create_environment_hook('robo_orchard_data_ros2', 'pythonpath')
[1.101s] INFO:colcon.colcon_core.shell:Creating environment hook '/root/ros2_ws/robo_orchard_data_recorder/ros2_package/install/share/robo_orchard_data_ros2/hook/pythonpath.ps1'
[1.101s] INFO:colcon.colcon_core.shell:Creating environment descriptor '/root/ros2_ws/robo_orchard_data_recorder/ros2_package/install/share/robo_orchard_data_ros2/hook/pythonpath.dsv'
[1.102s] INFO:colcon.colcon_core.shell:Creating environment hook '/root/ros2_ws/robo_orchard_data_recorder/ros2_package/install/share/robo_orchard_data_ros2/hook/pythonpath.sh'
[1.102s] Level 1:colcon.colcon_core.environment:checking '/root/ros2_ws/robo_orchard_data_recorder/ros2_package/install/bin'
[1.102s] Level 1:colcon.colcon_core.environment:create_environment_scripts_only(robo_orchard_data_ros2)
[1.103s] INFO:colcon.colcon_core.shell:Creating package script '/root/ros2_ws/robo_orchard_data_recorder/ros2_package/install/share/robo_orchard_data_ros2/package.ps1'
[1.103s] INFO:colcon.colcon_core.shell:Creating package descriptor '/root/ros2_ws/robo_orchard_data_recorder/ros2_package/install/share/robo_orchard_data_ros2/package.dsv'
[1.104s] INFO:colcon.colcon_core.shell:Creating package script '/root/ros2_ws/robo_orchard_data_recorder/ros2_package/install/share/robo_orchard_data_ros2/package.sh'
[1.104s] INFO:colcon.colcon_core.shell:Creating package script '/root/ros2_ws/robo_orchard_data_recorder/ros2_package/install/share/robo_orchard_data_ros2/package.bash'
[1.105s] INFO:colcon.colcon_core.shell:Creating package script '/root/ros2_ws/robo_orchard_data_recorder/ros2_package/install/share/robo_orchard_data_ros2/package.zsh'
[1.106s] Level 1:colcon.colcon_core.environment:create_file_with_runtime_dependencies(/root/ros2_ws/robo_orchard_data_recorder/ros2_package/install/share/colcon-core/packages/robo_orchard_data_ros2)
[1.106s] DEBUG:colcon.colcon_parallel_executor.executor.parallel:closing loop
[1.106s] DEBUG:colcon.colcon_parallel_executor.executor.parallel:loop closed
[1.106s] DEBUG:colcon.colcon_parallel_executor.executor.parallel:run_until_complete finished with '0'
[1.106s] DEBUG:colcon.colcon_core.event_reactor:joining thread
[1.108s] INFO:colcon.colcon_core.plugin_system:Skipping extension 'colcon_notification.desktop_notification.notify2': 'notify2' not found
[1.108s] INFO:colcon.colcon_core.plugin_system:Skipping extension 'colcon_notification.desktop_notification.notify_send': Could not find 'notify-send'
[1.108s] INFO:colcon.colcon_core.plugin_system:Skipping extension 'colcon_notification.desktop_notification.terminal_notifier': Not used on non-Darwin systems
[1.108s] INFO:colcon.colcon_core.plugin_system:Skipping extension 'colcon_notification.desktop_notification.win32': Not used on non-Windows systems
[1.108s] DEBUG:colcon.colcon_core.event_reactor:joined thread
[1.108s] INFO:colcon.colcon_core.shell:Creating prefix script '/root/ros2_ws/robo_orchard_data_recorder/ros2_package/install/local_setup.ps1'
[1.108s] INFO:colcon.colcon_core.shell:Creating prefix util module '/root/ros2_ws/robo_orchard_data_recorder/ros2_package/install/_local_setup_util_ps1.py'
[1.109s] INFO:colcon.colcon_core.shell:Creating prefix chain script '/root/ros2_ws/robo_orchard_data_recorder/ros2_package/install/setup.ps1'
[1.109s] INFO:colcon.colcon_core.shell:Creating prefix script '/root/ros2_ws/robo_orchard_data_recorder/ros2_package/install/local_setup.sh'
[1.110s] INFO:colcon.colcon_core.shell:Creating prefix util module '/root/ros2_ws/robo_orchard_data_recorder/ros2_package/install/_local_setup_util_sh.py'
[1.110s] INFO:colcon.colcon_core.shell:Creating prefix chain script '/root/ros2_ws/robo_orchard_data_recorder/ros2_package/install/setup.sh'
[1.110s] INFO:colcon.colcon_core.shell:Creating prefix script '/root/ros2_ws/robo_orchard_data_recorder/ros2_package/install/local_setup.bash'
[1.110s] INFO:colcon.colcon_core.shell:Creating prefix chain script '/root/ros2_ws/robo_orchard_data_recorder/ros2_package/install/setup.bash'
[1.111s] INFO:colcon.colcon_core.shell:Creating prefix script '/root/ros2_ws/robo_orchard_data_recorder/ros2_package/install/local_setup.zsh'
[1.111s] INFO:colcon.colcon_core.shell:Creating prefix chain script '/root/ros2_ws/robo_orchard_data_recorder/ros2_package/install/setup.zsh'
